<?xml version="1.0" encoding="UTF-8"?>
<!-- Generated by org.testng.reporters.JUnitReportReporter -->
<testsuite skipped="0" hostname="LAPTOP-O63BD39D" name="Testcases.TestNGParameterizationExcel" tests="2" failures="0" timestamp="07 May 2020 10:13:54 GMT" time="0.030" errors="0">
  <testcase name="testData" time="0.030" classname="Testcases.TestNGParameterizationExcel"/>
  <testcase name="testData" time="0.000" classname="Testcases.TestNGParameterizationExcel"/>
</testsuite> <!-- Testcases.TestNGParameterizationExcel -->
