<?xml version="1.0" encoding="UTF-8"?>
<!-- Generated by org.testng.reporters.JUnitReportReporter -->
<testsuite skipped="0" hostname="LAPTOP-O63BD39D" name="Testcases.TestNGReports" tests="1" failures="0" timestamp="2020-05-08T14:51:46 IST" time="7.459" errors="0">
  <testcase name="websiteTesting" time="7.459" classname="Testcases.TestNGReports"/>
  <system-out/>
</testsuite> <!-- Testcases.TestNGReports -->
