<?xml version="1.0" encoding="UTF-8"?>
<!-- Generated by org.testng.reporters.JUnitReportReporter -->
<testsuite skipped="0" hostname="LAPTOP-O63BD39D" name="Testcases.TestNGBasics" tests="2" failures="0" timestamp="05 May 2020 13:58:50 GMT" time="0.013" errors="0">
  <testcase name="doUserReg" time="0.010" classname="Testcases.TestNGBasics"/>
  <testcase name="login" time="0.003" classname="Testcases.TestNGBasics"/>
</testsuite> <!-- Testcases.TestNGBasics -->
